2026-06-06 21:01:44,990 | INFO     | [s04] Computing squad aggregates from official_squads_2026...
2026-06-06 21:01:45,135 | INFO     | Saved CSV: C:\Users\HP\OneDrive\Desktop\worldCup\data_collection_pipeline\collected_data\processed\squad_aggregates.csv
2026-06-06 21:01:45,137 | INFO     | [s04] Done. 48 team aggregates written.
2026-06-06 21:01:45,150 | INFO     | Saved CSV: C:\Users\HP\OneDrive\Desktop\worldCup\data_collection_pipeline\collected_data\processed\shared_club_matrix.csv
2026-06-06 21:01:45,168 | INFO     | [s05] Done. 48 team shared-club records.
2026-06-06 21:01:45,169 | INFO     | [s05] Building cross-team club overlap...
2026-06-06 21:01:47,930 | INFO     | Saved CSV: C:\Users\HP\OneDrive\Desktop\worldCup\data_collection_pipeline\collected_data\processed\cross_team_club_overlap.csv
2026-06-06 21:01:47,931 | INFO     | [s05] Cross-team overlap done: 1128 pairs.
2026-06-06 21:01:48,274 | WARNING  | No capital coords for IR Iran; skipping.
2026-06-06 21:01:48,724 | INFO     | Saved CSV: C:\Users\HP\OneDrive\Desktop\worldCup\data_collection_pipeline\collected_data\processed\travel_features.csv
2026-06-06 21:01:48,739 | INFO     | [s03] Done. 752 team-venue rows written.
2026-06-06 21:01:59,319 | INFO     | [s02] Fetching climate normals for WC 2026 venues from Open-Meteo...
2026-06-06 21:01:59,331 | INFO     | [s02] Fetching climate for Atlanta Stadium (33.772, -84.393)...
2026-06-06 21:02:00,233 | INFO     | [s06] Scraping manager tenure from Wikipedia...
2026-06-06 21:02:00,239 | INFO     | [s06] Fetching manager for Algeria...
2026-06-06 21:02:00,343 | INFO     | [s07] Scraping qualification summary from Wikipedia...
2026-06-06 21:02:00,860 | ERROR    | Open-Meteo climate fetch failed for (33.772476,-84.3929589): 400 Client Error: Bad Request for url: https://climate-api.open-meteo.com/v1/climate?latitude=33.772476&longitude=-84.3929589&start_date=2026-06-11&end_date=2026-07-19&models=EC_Earth3P&daily=temperature_2m_max&daily=temperature_2m_min&daily=relative_humidity_2m_mean&daily=precipitation_sum&daily=wind_speed_10m_max&timezone=auto
2026-06-06 21:02:00,865 | INFO     | [s02] Fetching climate for BC Place Vancouver (49.277, -123.112)...
2026-06-06 21:02:01,037 | INFO     | [s08] Collecting continental tournament form...
2026-06-06 21:02:01,037 | INFO     | [s08] Scraping 2024 Copa America...
2026-06-06 21:02:01,373 | INFO     | [s01] Updating FIFA rankings (2024-04 → present)...
2026-06-06 21:02:01,379 | INFO     | [s10] Scraping Understat club-season xG (2024-25)...
2026-06-06 21:02:01,379 | INFO     | [s10] Fetching https://understat.com/league/EPL/2025 ...
2026-06-06 21:02:01,438 | INFO     | [s01] Attempting fifa.com ranking page...
2026-06-06 21:02:02,489 | ERROR    | Open-Meteo climate fetch failed for (49.2766905,-123.1120062): 400 Client Error: Bad Request for url: https://climate-api.open-meteo.com/v1/climate?latitude=49.2766905&longitude=-123.1120062&start_date=2026-06-11&end_date=2026-07-19&models=EC_Earth3P&daily=temperature_2m_max&daily=temperature_2m_min&daily=relative_humidity_2m_mean&daily=precipitation_sum&daily=wind_speed_10m_max&timezone=auto
2026-06-06 21:02:02,492 | INFO     | [s02] Fetching climate for Boston Stadium (42.091, -71.264)...
2026-06-06 21:02:02,610 | WARNING  | [s07] No qualification records parsed. Trying fallback: using group stage links...
2026-06-06 21:02:02,626 | INFO     | Saved CSV: C:\Users\HP\OneDrive\Desktop\worldCup\data_collection_pipeline\collected_data\processed\qualification_strength.csv
2026-06-06 21:02:02,627 | INFO     | [s07] Done. 0 qualification records saved (best-effort from Wikipedia).
2026-06-06 21:02:03,023 | INFO     | [s06] Fetching manager for Argentina...
2026-06-06 21:02:03,416 | INFO     | [s08] Scraping Euro 2024...
2026-06-06 21:02:04,098 | ERROR    | Open-Meteo climate fetch failed for (42.0909274,-71.264351): 400 Client Error: Bad Request for url: https://climate-api.open-meteo.com/v1/climate?latitude=42.0909274&longitude=-71.264351&start_date=2026-06-11&end_date=2026-07-19&models=EC_Earth3P&daily=temperature_2m_max&daily=temperature_2m_min&daily=relative_humidity_2m_mean&daily=precipitation_sum&daily=wind_speed_10m_max&timezone=auto
2026-06-06 21:02:04,101 | INFO     | [s02] Fetching climate for Dallas Stadium (32.780, -96.760)...
2026-06-06 21:02:04,114 | INFO     | [s01] Attempting Wikipedia ranking history...
2026-06-06 21:02:05,275 | INFO     | [s10] Fetching https://understat.com/league/La_liga/2025 ...
2026-06-06 21:02:05,276 | INFO     | [s06] Fetching manager for Australia...
2026-06-06 21:02:05,508 | ERROR    | Open-Meteo climate fetch failed for (32.7796119,-96.7596025): 400 Client Error: Bad Request for url: https://climate-api.open-meteo.com/v1/climate?latitude=32.7796119&longitude=-96.7596025&start_date=2026-06-11&end_date=2026-07-19&models=EC_Earth3P&daily=temperature_2m_max&daily=temperature_2m_min&daily=relative_humidity_2m_mean&daily=precipitation_sum&daily=wind_speed_10m_max&timezone=auto
2026-06-06 21:02:05,511 | INFO     | [s02] Fetching climate for Guadalajara Stadium (20.677, -103.347)...
2026-06-06 21:02:05,641 | INFO     | [s08] Scraping AFCON 2023...
2026-06-06 21:02:05,911 | INFO     | [s01] Wikipedia extracted 5 rows.
2026-06-06 21:02:05,914 | INFO     | [s01] Success via attempt 2.
2026-06-06 21:02:05,925 | INFO     | Saved CSV: C:\Users\HP\OneDrive\Desktop\worldCup\data_collection_pipeline\collected_data\processed\fifa_rankings_updated.csv
2026-06-06 21:02:05,943 | INFO     | [s01] Done. 5 ranking rows saved (NOTE: may be top-N only, not full 200-team tables).
2026-06-06 21:02:06,839 | INFO     | [s06] Fetching manager for Austria...
2026-06-06 21:02:07,049 | ERROR    | Open-Meteo climate fetch failed for (20.6767,-103.3475): 400 Client Error: Bad Request for url: https://climate-api.open-meteo.com/v1/climate?latitude=20.6767&longitude=-103.3475&start_date=2026-06-11&end_date=2026-07-19&models=EC_Earth3P&daily=temperature_2m_max&daily=temperature_2m_min&daily=relative_humidity_2m_mean&daily=precipitation_sum&daily=wind_speed_10m_max&timezone=auto
2026-06-06 21:02:07,052 | INFO     | [s02] Fetching climate for Houston Stadium (29.685, -95.411)...
2026-06-06 21:02:07,786 | INFO     | [s08] Scraping AFC Asian Cup 2023...
2026-06-06 21:02:08,338 | ERROR    | Open-Meteo climate fetch failed for (29.6848581,-95.4108015): 400 Client Error: Bad Request for url: https://climate-api.open-meteo.com/v1/climate?latitude=29.6848581&longitude=-95.4108015&start_date=2026-06-11&end_date=2026-07-19&models=EC_Earth3P&daily=temperature_2m_max&daily=temperature_2m_min&daily=relative_humidity_2m_mean&daily=precipitation_sum&daily=wind_speed_10m_max&timezone=auto
2026-06-06 21:02:08,340 | INFO     | [s02] Fetching climate for Kansas City Stadium (39.049, -94.484)...
2026-06-06 21:02:08,873 | INFO     | [s10] Fetching https://understat.com/league/Bundesliga/2025 ...
2026-06-06 21:02:09,340 | INFO     | [s06] Fetching manager for Belgium...
2026-06-06 21:02:09,537 | ERROR    | Open-Meteo climate fetch failed for (39.0489358,-94.4839993): 400 Client Error: Bad Request for url: https://climate-api.open-meteo.com/v1/climate?latitude=39.0489358&longitude=-94.4839993&start_date=2026-06-11&end_date=2026-07-19&models=EC_Earth3P&daily=temperature_2m_max&daily=temperature_2m_min&daily=relative_humidity_2m_mean&daily=precipitation_sum&daily=wind_speed_10m_max&timezone=auto
2026-06-06 21:02:09,539 | INFO     | [s02] Fetching climate for Los Angeles Stadium (34.161, -118.168)...
2026-06-06 21:02:09,615 | INFO     | [s08] Scraping Gold Cup 2023...
2026-06-06 21:02:11,060 | ERROR    | Open-Meteo climate fetch failed for (34.1613492,-118.1676674): 400 Client Error: Bad Request for url: https://climate-api.open-meteo.com/v1/climate?latitude=34.1613492&longitude=-118.1676674&start_date=2026-06-11&end_date=2026-07-19&models=EC_Earth3P&daily=temperature_2m_max&daily=temperature_2m_min&daily=relative_humidity_2m_mean&daily=precipitation_sum&daily=wind_speed_10m_max&timezone=auto
2026-06-06 21:02:11,063 | INFO     | [s02] Fetching climate for Mexico City Stadium (19.303, -99.150)...
2026-06-06 21:02:11,780 | INFO     | [s06] Fetching manager for Bosnia and Herzegovina...
2026-06-06 21:02:12,103 | WARNING  | [s08] No continental form data extracted.
2026-06-06 21:02:12,359 | ERROR    | Open-Meteo climate fetch failed for (19.3029794,-99.15047): 400 Client Error: Bad Request for url: https://climate-api.open-meteo.com/v1/climate?latitude=19.3029794&longitude=-99.15047&start_date=2026-06-11&end_date=2026-07-19&models=EC_Earth3P&daily=temperature_2m_max&daily=temperature_2m_min&daily=relative_humidity_2m_mean&daily=precipitation_sum&daily=wind_speed_10m_max&timezone=auto
2026-06-06 21:02:12,363 | INFO     | [s02] Fetching climate for Miami Stadium (25.781, -80.188)...
2026-06-06 21:02:12,380 | INFO     | [s10] Fetching https://understat.com/league/Serie_A/2025 ...
2026-06-06 21:02:13,624 | INFO     | [s06] Fetching manager for Brazil...
2026-06-06 21:02:13,786 | ERROR    | Open-Meteo climate fetch failed for (25.7813595,-80.1879435): 400 Client Error: Bad Request for url: https://climate-api.open-meteo.com/v1/climate?latitude=25.7813595&longitude=-80.1879435&start_date=2026-06-11&end_date=2026-07-19&models=EC_Earth3P&daily=temperature_2m_max&daily=temperature_2m_min&daily=relative_humidity_2m_mean&daily=precipitation_sum&daily=wind_speed_10m_max&timezone=auto
2026-06-06 21:02:13,788 | INFO     | [s02] Fetching climate for Monterrey Stadium (25.701, -100.316)...
2026-06-06 21:02:14,974 | ERROR    | Open-Meteo climate fetch failed for (25.7006158,-100.3159938): 400 Client Error: Bad Request for url: https://climate-api.open-meteo.com/v1/climate?latitude=25.7006158&longitude=-100.3159938&start_date=2026-06-11&end_date=2026-07-19&models=EC_Earth3P&daily=temperature_2m_max&daily=temperature_2m_min&daily=relative_humidity_2m_mean&daily=precipitation_sum&daily=wind_speed_10m_max&timezone=auto
2026-06-06 21:02:14,976 | INFO     | [s02] Fetching climate for New York/New Jersey Stadium (40.814, -74.074)...
2026-06-06 21:02:15,379 | INFO     | [s06] Fetching manager for Cabo Verde...
2026-06-06 21:02:15,904 | INFO     | [s10] Fetching https://understat.com/league/Ligue_1/2025 ...
2026-06-06 21:02:16,254 | ERROR    | Open-Meteo climate fetch failed for (40.8135071,-74.0743442): 400 Client Error: Bad Request for url: https://climate-api.open-meteo.com/v1/climate?latitude=40.8135071&longitude=-74.0743442&start_date=2026-06-11&end_date=2026-07-19&models=EC_Earth3P&daily=temperature_2m_max&daily=temperature_2m_min&daily=relative_humidity_2m_mean&daily=precipitation_sum&daily=wind_speed_10m_max&timezone=auto
2026-06-06 21:02:16,256 | INFO     | [s02] Fetching climate for Philadelphia Stadium (39.944, -75.194)...
2026-06-06 21:02:16,995 | INFO     | [s06] Fetching manager for Canada...
2026-06-06 21:02:17,510 | ERROR    | Open-Meteo climate fetch failed for (39.9437233,-75.1937425): 400 Client Error: Bad Request for url: https://climate-api.open-meteo.com/v1/climate?latitude=39.9437233&longitude=-75.1937425&start_date=2026-06-11&end_date=2026-07-19&models=EC_Earth3P&daily=temperature_2m_max&daily=temperature_2m_min&daily=relative_humidity_2m_mean&daily=precipitation_sum&daily=wind_speed_10m_max&timezone=auto
2026-06-06 21:02:17,514 | INFO     | [s02] Fetching climate for San Francisco Bay Area Stadium (37.403, -121.970)...
2026-06-06 21:02:18,115 | INFO     | [s06] Fetching manager for Colombia...
2026-06-06 21:02:18,725 | ERROR    | Open-Meteo climate fetch failed for (37.4029867,-121.9696489): 400 Client Error: Bad Request for url: https://climate-api.open-meteo.com/v1/climate?latitude=37.4029867&longitude=-121.9696489&start_date=2026-06-11&end_date=2026-07-19&models=EC_Earth3P&daily=temperature_2m_max&daily=temperature_2m_min&daily=relative_humidity_2m_mean&daily=precipitation_sum&daily=wind_speed_10m_max&timezone=auto
2026-06-06 21:02:18,729 | INFO     | [s02] Fetching climate for Seattle Stadium (47.591, -122.327)...
2026-06-06 21:02:19,280 | WARNING  | [s10] Understat scraping produced no data. Site may have changed structure.
2026-06-06 21:02:19,783 | INFO     | [s06] Fetching manager for Congo DR...
2026-06-06 21:02:19,886 | ERROR    | Open-Meteo climate fetch failed for (47.5911108,-122.3271829): 400 Client Error: Bad Request for url: https://climate-api.open-meteo.com/v1/climate?latitude=47.5911108&longitude=-122.3271829&start_date=2026-06-11&end_date=2026-07-19&models=EC_Earth3P&daily=temperature_2m_max&daily=temperature_2m_min&daily=relative_humidity_2m_mean&daily=precipitation_sum&daily=wind_speed_10m_max&timezone=auto
2026-06-06 21:02:19,888 | INFO     | [s02] Fetching climate for Toronto Stadium (43.633, -79.419)...
2026-06-06 21:02:21,241 | ERROR    | Open-Meteo climate fetch failed for (43.6333414,-79.4185614): 400 Client Error: Bad Request for url: https://climate-api.open-meteo.com/v1/climate?latitude=43.6333414&longitude=-79.4185614&start_date=2026-06-11&end_date=2026-07-19&models=EC_Earth3P&daily=temperature_2m_max&daily=temperature_2m_min&daily=relative_humidity_2m_mean&daily=precipitation_sum&daily=wind_speed_10m_max&timezone=auto
2026-06-06 21:02:21,243 | ERROR    | [s02] No weather data fetched. Aborting.
2026-06-06 21:02:21,827 | INFO     | [s06] Fetching manager for Croatia...
2026-06-06 21:02:23,596 | INFO     | [s06] Fetching manager for Curaçao...
2026-06-06 21:02:24,891 | INFO     | [s06] Fetching manager for Czechia...
2026-06-06 21:02:26,268 | INFO     | [s06] Fetching manager for Côte d'Ivoire...
2026-06-06 21:02:27,968 | INFO     | [s06] Fetching manager for Ecuador...
2026-06-06 21:02:29,303 | INFO     | [s06] Fetching manager for Egypt...
2026-06-06 21:02:30,854 | INFO     | [s06] Fetching manager for England...
2026-06-06 21:02:32,694 | INFO     | [s06] Fetching manager for France...
2026-06-06 21:02:34,504 | INFO     | [s06] Fetching manager for Germany...
2026-06-06 21:02:36,195 | INFO     | [s06] Fetching manager for Ghana...
2026-06-06 21:02:37,621 | INFO     | [s06] Fetching manager for Haiti...
2026-06-06 21:02:38,856 | INFO     | [s06] Fetching manager for IR Iran...
2026-06-06 21:02:40,405 | INFO     | [s06] Fetching manager for Iraq...
2026-06-06 21:02:43,627 | INFO     | [s06] Fetching manager for Japan...
2026-06-06 21:02:44,916 | INFO     | [s06] Fetching manager for Jordan...
2026-06-06 21:02:45,958 | INFO     | [s06] Fetching manager for Korea Republic...
2026-06-06 21:02:47,423 | INFO     | [s06] Fetching manager for Mexico...
2026-06-06 21:02:48,625 | INFO     | [s06] Fetching manager for Morocco...
2026-06-06 21:02:50,309 | INFO     | [s06] Fetching manager for Netherlands...
2026-06-06 21:02:51,683 | INFO     | [s06] Fetching manager for New Zealand...
2026-06-06 21:02:52,612 | INFO     | [s06] Fetching manager for Norway...
2026-06-06 21:02:53,805 | INFO     | [s06] Fetching manager for Panama...
2026-06-06 21:02:54,841 | INFO     | [s06] Fetching manager for Paraguay...
2026-06-06 21:02:56,107 | INFO     | [s06] Fetching manager for Portugal...
2026-06-06 21:02:57,656 | INFO     | [s06] Fetching manager for Qatar...
2026-06-06 21:02:59,041 | INFO     | [s06] Fetching manager for Saudi Arabia...
2026-06-06 21:03:00,537 | INFO     | [s06] Fetching manager for Scotland...
2026-06-06 21:03:01,950 | INFO     | [s06] Fetching manager for Senegal...
2026-06-06 21:03:03,083 | INFO     | [s06] Fetching manager for South Africa...
2026-06-06 21:03:04,253 | INFO     | [s06] Fetching manager for Spain...
2026-06-06 21:03:05,476 | INFO     | [s06] Fetching manager for Sweden...
2026-06-06 21:03:06,173 | INFO     | [s06] Fetching manager for Switzerland...
2026-06-06 21:03:07,524 | INFO     | [s06] Fetching manager for Tunisia...
2026-06-06 21:03:08,892 | INFO     | [s06] Fetching manager for Türkiye...
2026-06-06 21:03:10,553 | INFO     | [s06] Fetching manager for USA...
2026-06-06 21:03:12,371 | INFO     | [s06] Fetching manager for Uruguay...
2026-06-06 21:03:13,784 | INFO     | [s06] Fetching manager for Uzbekistan...
2026-06-06 21:03:15,084 | INFO     | [s06] Managers found for 44/48 teams.
2026-06-06 21:03:15,087 | INFO     | Saved CSV: C:\Users\HP\OneDrive\Desktop\worldCup\data_collection_pipeline\collected_data\processed\manager_tenure.csv
2026-06-06 21:03:15,102 | INFO     | [s06] Done.
2026-06-08 00:11:05,392 | INFO     | Pipeline root: C:\Users\HP\OneDrive\Desktop\worldCup\data_collection_pipeline
2026-06-08 00:11:05,393 | INFO     | Will run stages: [4]
2026-06-08 00:11:05,393 | INFO     | 
==================================================
>>> STAGE 4: s04_squad_aggregates
==================================================
2026-06-08 00:11:05,994 | INFO     | [s04] Computing squad aggregates from official_squads_2026...
2026-06-08 00:11:06,353 | INFO     | Saved CSV: C:\Users\HP\OneDrive\Desktop\worldCup\data_collection_pipeline\collected_data\processed\squad_aggregates.csv
2026-06-08 00:11:06,354 | INFO     | [s04] Done. 48 team aggregates written.
2026-06-08 00:11:06,354 | INFO     | 
>>> Pipeline run complete. Check checkpoints.json for status.
2026-06-08 00:25:31,862 | INFO     | Pipeline root: C:\Users\HP\OneDrive\Desktop\worldCup\data_collection_pipeline
2026-06-08 00:25:31,862 | INFO     | Will run stages: [7]
2026-06-08 00:25:31,862 | INFO     | 
==================================================
>>> STAGE 7: s07_qualification_strength
==================================================
2026-06-08 00:25:32,316 | INFO     | [s07] Scraping qualification summary from Wikipedia...
2026-06-08 00:25:33,266 | INFO     | Saved CSV: C:\Users\HP\OneDrive\Desktop\worldCup\data_collection_pipeline\collected_data\processed\qualification_strength.csv
2026-06-08 00:25:33,266 | INFO     | [s07_qualification_strength] Validated & saved 147 rows -> qualification_strength.csv
2026-06-08 00:25:33,266 | INFO     | [s07] 147 teams parsed; 37 matched to WC2026 finalists.
2026-06-08 00:25:33,266 | INFO     | 
>>> Pipeline run complete. Check checkpoints.json for status.
2026-06-08 00:28:19,638 | INFO     | Pipeline root: C:\Users\HP\OneDrive\Desktop\worldCup\data_collection_pipeline
2026-06-08 00:28:19,638 | INFO     | Will run stages: [7]
2026-06-08 00:28:19,638 | INFO     | 
==================================================
>>> STAGE 7: s07_qualification_strength
==================================================
2026-06-08 00:28:20,138 | INFO     | [s07] Scraping qualification summary from Wikipedia...
2026-06-08 00:28:21,088 | INFO     | Saved CSV: C:\Users\HP\OneDrive\Desktop\worldCup\data_collection_pipeline\collected_data\processed\qualification_strength.csv
2026-06-08 00:28:21,088 | INFO     | [s07_qualification_strength] Validated & saved 147 rows -> qualification_strength.csv
2026-06-08 00:28:21,088 | INFO     | [s07] 147 teams parsed; 44 matched to WC2026 finalists.
2026-06-08 00:28:21,103 | INFO     | 
>>> Pipeline run complete. Check checkpoints.json for status.
2026-06-08 00:30:24,793 | INFO     | Pipeline root: C:\Users\HP\OneDrive\Desktop\worldCup\data_collection_pipeline
2026-06-08 00:30:24,793 | INFO     | Will run stages: [8]
2026-06-08 00:30:24,793 | INFO     | 
==================================================
>>> STAGE 8: s08_continental_form
==================================================
2026-06-08 00:30:25,324 | INFO     | [s08] Collecting continental tournament form...
2026-06-08 00:30:25,324 | INFO     | [s08] 2024 Copa America ...
2026-06-08 00:30:26,442 | INFO     | [s08] 2024 Copa America: 16 teams (winner=argentina, runner=colombia).
2026-06-08 00:30:26,442 | INFO     | [s08] Euro 2024 ...
2026-06-08 00:30:27,504 | INFO     | [s08] Euro 2024: 24 teams (winner=spain, runner=england).
2026-06-08 00:30:27,504 | INFO     | [s08] AFCON 2023 ...
2026-06-08 00:30:28,411 | INFO     | [s08] AFCON 2023: 24 teams (winner=ivorycoast, runner=nigeria).
2026-06-08 00:30:28,411 | INFO     | [s08] AFC Asian Cup 2023 ...
2026-06-08 00:30:29,288 | INFO     | [s08] AFC Asian Cup 2023: 24 teams (winner=qatar, runner=jordan).
2026-06-08 00:30:29,288 | INFO     | [s08] Gold Cup 2023 ...
2026-06-08 00:30:30,038 | INFO     | [s08] Gold Cup 2023: 16 teams (winner=mexico, runner=panama).
2026-06-08 00:30:30,053 | INFO     | Saved CSV: C:\Users\HP\OneDrive\Desktop\worldCup\data_collection_pipeline\collected_data\processed\continental_form.csv
2026-06-08 00:30:30,053 | INFO     | [s08_continental_form] Validated & saved 104 rows -> continental_form.csv
2026-06-08 00:30:30,053 | INFO     | [s08] 104 team-records; 48 are WC2026 finalists.
2026-06-08 00:30:30,053 | INFO     | 
>>> Pipeline run complete. Check checkpoints.json for status.
2026-06-08 00:32:34,724 | INFO     | Pipeline root: C:\Users\HP\OneDrive\Desktop\worldCup\data_collection_pipeline
2026-06-08 00:32:34,724 | INFO     | Will run stages: [6]
2026-06-08 00:32:34,724 | INFO     | 
==================================================
>>> STAGE 6: s06_manager_tenure
==================================================
2026-06-08 00:32:35,241 | INFO     | [s06] Scraping manager tenure from Wikipedia...
2026-06-08 00:32:35,241 | INFO     | [s06] Fetching manager for Algeria...
2026-06-08 00:32:36,908 | INFO     | [s06] Fetching manager for Argentina...
2026-06-08 00:32:38,391 | INFO     | [s06] Fetching manager for Australia...
2026-06-08 00:32:38,991 | INFO     | [s06] Fetching manager for Austria...
2026-06-08 00:32:40,507 | INFO     | [s06] Fetching manager for Belgium...
2026-06-08 00:32:42,040 | INFO     | [s06] Fetching manager for Bosnia and Herzegovina...
2026-06-08 00:32:43,307 | INFO     | [s06] Fetching manager for Brazil...
2026-06-08 00:32:45,140 | INFO     | [s06] Fetching manager for Cabo Verde...
2026-06-08 00:32:46,157 | INFO     | [s06] Fetching manager for Canada...
2026-06-08 00:32:46,890 | INFO     | [s06] Fetching manager for Colombia...
2026-06-08 00:32:48,056 | INFO     | [s06] Fetching manager for Congo DR...
2026-06-08 00:32:50,506 | INFO     | [s06] Fetching manager for Croatia...
2026-06-08 00:32:52,223 | INFO     | [s06] Fetching manager for Curaçao...
2026-06-08 00:32:54,440 | INFO     | [s06] Fetching manager for Czechia...
2026-06-08 00:32:55,590 | INFO     | [s06] Fetching manager for Côte d'Ivoire...
2026-06-08 00:32:56,956 | INFO     | [s06] Fetching manager for Ecuador...
2026-06-08 00:32:58,140 | INFO     | [s06] Fetching manager for Egypt...
2026-06-08 00:32:59,440 | INFO     | [s06] Fetching manager for England...
2026-06-08 00:33:01,089 | INFO     | [s06] Fetching manager for France...
2026-06-08 00:33:02,756 | INFO     | [s06] Fetching manager for Germany...
2026-06-08 00:33:04,139 | INFO     | [s06] Fetching manager for Ghana...
2026-06-08 00:33:05,656 | INFO     | [s06] Fetching manager for Haiti...
2026-06-08 00:33:06,789 | INFO     | [s06] Fetching manager for IR Iran...
2026-06-08 00:33:08,222 | INFO     | [s06] Fetching manager for Iraq...
2026-06-08 00:33:09,789 | INFO     | [s06] Fetching manager for Japan...
2026-06-08 00:33:11,155 | INFO     | [s06] Fetching manager for Jordan...
2026-06-08 00:33:12,439 | INFO     | [s06] Fetching manager for Korea Republic...
2026-06-08 00:33:13,955 | INFO     | [s06] Fetching manager for Mexico...
2026-06-08 00:33:15,505 | INFO     | [s06] Fetching manager for Morocco...
2026-06-08 00:33:16,938 | INFO     | [s06] Fetching manager for Netherlands...
2026-06-08 00:33:19,322 | INFO     | [s06] Fetching manager for New Zealand...
2026-06-08 00:33:20,005 | INFO     | [s06] Fetching manager for Norway...
2026-06-08 00:33:21,238 | INFO     | [s06] Fetching manager for Panama...
2026-06-08 00:33:23,071 | INFO     | [s06] Fetching manager for Paraguay...
2026-06-08 00:33:24,438 | INFO     | [s06] Fetching manager for Portugal...
2026-06-08 00:33:25,872 | INFO     | [s06] Fetching manager for Qatar...
2026-06-08 00:33:27,255 | INFO     | [s06] Fetching manager for Saudi Arabia...
2026-06-08 00:33:28,721 | INFO     | [s06] Fetching manager for Scotland...
2026-06-08 00:33:30,221 | INFO     | [s06] Fetching manager for Senegal...
2026-06-08 00:33:31,422 | INFO     | [s06] Fetching manager for South Africa...
2026-06-08 00:33:33,589 | INFO     | [s06] Fetching manager for Spain...
2026-06-08 00:33:34,988 | INFO     | [s06] Fetching manager for Sweden...
2026-06-08 00:33:35,571 | INFO     | [s06] Fetching manager for Switzerland...
2026-06-08 00:33:36,871 | INFO     | [s06] Fetching manager for Tunisia...
2026-06-08 00:33:38,471 | INFO     | [s06] Fetching manager for Türkiye...
2026-06-08 00:33:40,970 | INFO     | [s06] Fetching manager for USA...
2026-06-08 00:33:42,620 | INFO     | [s06] Fetching manager for Uruguay...
2026-06-08 00:33:44,237 | INFO     | [s06] Fetching manager for Uzbekistan...
2026-06-08 00:33:45,803 | INFO     | [s06] Managers: 44/48; appointment dates: 43/48.
2026-06-08 00:33:45,820 | INFO     | Saved CSV: C:\Users\HP\OneDrive\Desktop\worldCup\data_collection_pipeline\collected_data\processed\manager_tenure.csv
2026-06-08 00:33:45,820 | INFO     | [s06_manager_tenure] Validated & saved 48 rows -> manager_tenure.csv
2026-06-08 00:33:45,820 | INFO     | 
>>> Pipeline run complete. Check checkpoints.json for status.
2026-06-08 00:37:29,441 | INFO     | Pipeline root: C:\Users\HP\OneDrive\Desktop\worldCup\data_collection_pipeline
2026-06-08 00:37:29,441 | INFO     | Will run stages: [10]
2026-06-08 00:37:29,441 | INFO     | 
==================================================
>>> STAGE 10: s10_understat_xg
==================================================
2026-06-08 00:37:29,891 | INFO     | [s10] Scraping Understat team xG via stealth browser...
2026-06-08 00:37:29,891 | INFO     | [s10] EPL ...
2026-06-08 00:37:43,354 | INFO     | [s10] La_liga ...
2026-06-08 00:37:55,394 | INFO     | [s10] Bundesliga ...
2026-06-08 00:38:06,571 | INFO     | [s10] Serie_A ...
2026-06-08 00:38:19,954 | INFO     | [s10] Ligue_1 ...
2026-06-08 00:38:32,171 | INFO     | Saved CSV: C:\Users\HP\OneDrive\Desktop\worldCup\data_collection_pipeline\collected_data\raw\understat_team_xg.csv
2026-06-08 00:38:32,171 | INFO     | [s10_understat_xg] Validated & saved 96 rows -> understat_team_xg.csv
2026-06-08 00:38:32,171 | INFO     | [s10] 96 team-season xG rows from 5 leagues.
2026-06-08 00:38:32,171 | INFO     | 
>>> Pipeline run complete. Check checkpoints.json for status.
2026-06-08 00:43:46,467 | INFO     | Pipeline root: C:\Users\HP\OneDrive\Desktop\worldCup\data_collection_pipeline
2026-06-08 00:43:46,467 | INFO     | Will run stages: [1]
2026-06-08 00:43:46,467 | INFO     | 
==================================================
>>> STAGE 1: s01_fifa_rankings
==================================================
2026-06-08 00:43:46,920 | INFO     | [s01] Updating FIFA rankings (live → Kaggle fallback)...
2026-06-08 00:44:13,576 | INFO     | [s01] latest ranking release: FRS_Male_Football_20260119 (2026-04-01)
2026-06-08 00:44:14,939 | WARNING  | [s01] API returned no rankings.
2026-06-08 00:44:15,055 | WARNING  | [s01] FIFA live insufficient; using Kaggle fallback.
2026-06-08 00:44:15,056 | INFO     | [s01] Falling back to Kaggle cashncarry/fifaworldranking ...
2026-06-08 00:44:21,580 | INFO     | [s01] Kaggle latest full table: 2024-06-20, 211 teams.
2026-06-08 00:44:21,594 | INFO     | Saved CSV: C:\Users\HP\OneDrive\Desktop\worldCup\data_collection_pipeline\collected_data\processed\fifa_rankings_updated.csv
2026-06-08 00:44:21,595 | INFO     | [s01_fifa_rankings] Validated & saved 211 rows -> fifa_rankings_updated.csv
2026-06-08 00:44:21,595 | INFO     | [s01] 211 ranking rows saved (source=kaggle_cashncarry).
2026-06-08 00:44:21,596 | INFO     | 
>>> Pipeline run complete. Check checkpoints.json for status.
2026-06-08 00:52:03,409 | INFO     | Pipeline root: C:\Users\HP\OneDrive\Desktop\worldCup\data_collection_pipeline
2026-06-08 00:52:03,409 | INFO     | Will run stages: [1]
2026-06-08 00:52:03,409 | INFO     | 
==================================================
>>> STAGE 1: s01_fifa_rankings
==================================================
2026-06-08 00:52:03,936 | INFO     | [s01] Updating FIFA rankings (live → Kaggle fallback)...
2026-06-08 00:52:30,740 | INFO     | [s01] latest ranking release: FRS_Male_Football_20260119 (2026-04-01)
2026-06-08 00:52:32,385 | WARNING  | [s01] API returned no rankings.
2026-06-08 00:52:32,455 | WARNING  | [s01] FIFA live insufficient; using Kaggle fallback.
2026-06-08 00:52:32,455 | INFO     | [s01] Falling back to Kaggle cashncarry/fifaworldranking ...
2026-06-08 00:52:37,561 | INFO     | [s01] Kaggle latest full table: 2024-06-20, 210 teams.
2026-06-08 00:52:37,576 | INFO     | Saved CSV: C:\Users\HP\OneDrive\Desktop\worldCup\data_collection_pipeline\collected_data\processed\fifa_rankings_updated.csv
2026-06-08 00:52:37,576 | INFO     | [s01_fifa_rankings] Validated & saved 210 rows -> fifa_rankings_updated.csv
2026-06-08 00:52:37,576 | INFO     | [s01] 210 ranking rows saved (source=kaggle_cashncarry).
2026-06-08 00:52:37,576 | INFO     | 
>>> Pipeline run complete. Check checkpoints.json for status.
2026-06-08 00:56:22,273 | WARNING  | playwright_fetch failed for https://www.oddsportal.com/football/world/world-cup-2022/results/: Page.goto: net::ERR_CONNECTION_TIMED_OUT at https://www.oddsportal.com/football/world/world-cup-2022/results/
Call log:
  - navigating to "https://www.oddsportal.com/football/world/world-cup-2022/results/", waiting until "domcontentloaded"

2026-06-08 00:56:55,849 | WARNING  | playwright_fetch failed for https://www.oddsportal.com/: Page.goto: net::ERR_CONNECTION_TIMED_OUT at https://www.oddsportal.com/
Call log:
  - navigating to "https://www.oddsportal.com/", waiting until "domcontentloaded"

2026-06-08 00:57:17,380 | WARNING  | playwright_fetch failed for https://www.oddsportal.com/: Page.goto: net::ERR_CONNECTION_TIMED_OUT at https://www.oddsportal.com/
Call log:
  - navigating to "https://www.oddsportal.com/", waiting until "domcontentloaded"

2026-06-08 00:57:38,895 | WARNING  | playwright_fetch failed for https://www.oddsportal.com/: Page.goto: net::ERR_CONNECTION_TIMED_OUT at https://www.oddsportal.com/
Call log:
  - navigating to "https://www.oddsportal.com/", waiting until "domcontentloaded"

2026-06-08 01:01:23,645 | INFO     | Pipeline root: C:\Users\HP\OneDrive\Desktop\worldCup\data_collection_pipeline
2026-06-08 01:01:23,645 | INFO     | Will run stages: [9]
2026-06-08 01:01:23,645 | INFO     | 
==================================================
>>> STAGE 9: s09_odds_scraper
==================================================
2026-06-08 01:01:24,130 | INFO     | [s09] Collecting odds (OddsPortal attempt -> football-data fallback)...
2026-06-08 01:01:45,766 | WARNING  | playwright_fetch failed for https://www.oddsportal.com/football/world/world-cup-2022/results/: Page.goto: net::ERR_CONNECTION_TIMED_OUT at https://www.oddsportal.com/football/world/world-cup-2022/results/
Call log:
  - navigating to "https://www.oddsportal.com/football/world/world-cup-2022/results/", waiting until "domcontentloaded"

2026-06-08 01:01:45,824 | WARNING  | [s09] OddsPortal unreachable (IP-level block likely): https://www.oddsportal.com/football/world/world-cup-2022/results/
2026-06-08 01:01:59,088 | INFO     | Saved CSV: C:\Users\HP\OneDrive\Desktop\worldCup\data_collection_pipeline\collected_data\raw\odds_collected.csv
2026-06-08 01:01:59,088 | INFO     | [s09_odds_scraper] Validated & saved 5330 rows -> odds_collected.csv
2026-06-08 01:01:59,088 | INFO     | [s09] 5330 club matches with closing odds (5 leagues x 3 seasons).
2026-06-08 01:01:59,088 | INFO     | 
>>> Pipeline run complete. Check checkpoints.json for status.
2026-06-08 01:03:38,521 | INFO     | Pipeline root: C:\Users\HP\OneDrive\Desktop\worldCup\data_collection_pipeline
2026-06-08 01:03:38,521 | INFO     | Will run stages: [2]
2026-06-08 01:03:38,521 | INFO     | 
==================================================
>>> STAGE 2: s02_weather
==================================================
2026-06-08 01:03:39,088 | INFO     | [s02] Fetching climate normals for WC 2026 venues from Open-Meteo...
2026-06-08 01:03:39,105 | INFO     | [s02] Fetching climate for Atlanta Stadium (33.772, -84.393)...
2026-06-08 01:03:39,988 | ERROR    | Open-Meteo climate fetch failed for (33.772476,-84.3929589): 400 Client Error: Bad Request for url: https://climate-api.open-meteo.com/v1/climate?latitude=33.772476&longitude=-84.3929589&start_date=2026-06-11&end_date=2026-07-19&models=EC_Earth3P&daily=temperature_2m_max&daily=temperature_2m_min&daily=relative_humidity_2m_mean&daily=precipitation_sum&daily=wind_speed_10m_max&timezone=auto
2026-06-08 01:03:39,988 | INFO     | [s02] Fetching climate for BC Place Vancouver (49.277, -123.112)...
2026-06-08 01:03:40,781 | ERROR    | Open-Meteo climate fetch failed for (49.2766905,-123.1120062): 400 Client Error: Bad Request for url: https://climate-api.open-meteo.com/v1/climate?latitude=49.2766905&longitude=-123.1120062&start_date=2026-06-11&end_date=2026-07-19&models=EC_Earth3P&daily=temperature_2m_max&daily=temperature_2m_min&daily=relative_humidity_2m_mean&daily=precipitation_sum&daily=wind_speed_10m_max&timezone=auto
2026-06-08 01:03:40,781 | INFO     | [s02] Fetching climate for Boston Stadium (42.091, -71.264)...
2026-06-08 01:03:41,561 | ERROR    | Open-Meteo climate fetch failed for (42.0909274,-71.264351): 400 Client Error: Bad Request for url: https://climate-api.open-meteo.com/v1/climate?latitude=42.0909274&longitude=-71.264351&start_date=2026-06-11&end_date=2026-07-19&models=EC_Earth3P&daily=temperature_2m_max&daily=temperature_2m_min&daily=relative_humidity_2m_mean&daily=precipitation_sum&daily=wind_speed_10m_max&timezone=auto
2026-06-08 01:03:41,561 | INFO     | [s02] Fetching climate for Dallas Stadium (32.780, -96.760)...
2026-06-08 01:03:42,437 | ERROR    | Open-Meteo climate fetch failed for (32.7796119,-96.7596025): 400 Client Error: Bad Request for url: https://climate-api.open-meteo.com/v1/climate?latitude=32.7796119&longitude=-96.7596025&start_date=2026-06-11&end_date=2026-07-19&models=EC_Earth3P&daily=temperature_2m_max&daily=temperature_2m_min&daily=relative_humidity_2m_mean&daily=precipitation_sum&daily=wind_speed_10m_max&timezone=auto
2026-06-08 01:03:42,437 | INFO     | [s02] Fetching climate for Guadalajara Stadium (20.677, -103.347)...
2026-06-08 01:03:43,202 | ERROR    | Open-Meteo climate fetch failed for (20.6767,-103.3475): 400 Client Error: Bad Request for url: https://climate-api.open-meteo.com/v1/climate?latitude=20.6767&longitude=-103.3475&start_date=2026-06-11&end_date=2026-07-19&models=EC_Earth3P&daily=temperature_2m_max&daily=temperature_2m_min&daily=relative_humidity_2m_mean&daily=precipitation_sum&daily=wind_speed_10m_max&timezone=auto
2026-06-08 01:03:43,202 | INFO     | [s02] Fetching climate for Houston Stadium (29.685, -95.411)...
2026-06-08 01:03:44,110 | ERROR    | Open-Meteo climate fetch failed for (29.6848581,-95.4108015): 400 Client Error: Bad Request for url: https://climate-api.open-meteo.com/v1/climate?latitude=29.6848581&longitude=-95.4108015&start_date=2026-06-11&end_date=2026-07-19&models=EC_Earth3P&daily=temperature_2m_max&daily=temperature_2m_min&daily=relative_humidity_2m_mean&daily=precipitation_sum&daily=wind_speed_10m_max&timezone=auto
2026-06-08 01:03:44,112 | INFO     | [s02] Fetching climate for Kansas City Stadium (39.049, -94.484)...
2026-06-08 01:03:45,029 | ERROR    | Open-Meteo climate fetch failed for (39.0489358,-94.4839993): 400 Client Error: Bad Request for url: https://climate-api.open-meteo.com/v1/climate?latitude=39.0489358&longitude=-94.4839993&start_date=2026-06-11&end_date=2026-07-19&models=EC_Earth3P&daily=temperature_2m_max&daily=temperature_2m_min&daily=relative_humidity_2m_mean&daily=precipitation_sum&daily=wind_speed_10m_max&timezone=auto
2026-06-08 01:03:45,029 | INFO     | [s02] Fetching climate for Los Angeles Stadium (34.161, -118.168)...
2026-06-08 01:03:45,788 | ERROR    | Open-Meteo climate fetch failed for (34.1613492,-118.1676674): 400 Client Error: Bad Request for url: https://climate-api.open-meteo.com/v1/climate?latitude=34.1613492&longitude=-118.1676674&start_date=2026-06-11&end_date=2026-07-19&models=EC_Earth3P&daily=temperature_2m_max&daily=temperature_2m_min&daily=relative_humidity_2m_mean&daily=precipitation_sum&daily=wind_speed_10m_max&timezone=auto
2026-06-08 01:03:45,788 | INFO     | [s02] Fetching climate for Mexico City Stadium (19.303, -99.150)...
2026-06-08 01:03:46,556 | ERROR    | Open-Meteo climate fetch failed for (19.3029794,-99.15047): 400 Client Error: Bad Request for url: https://climate-api.open-meteo.com/v1/climate?latitude=19.3029794&longitude=-99.15047&start_date=2026-06-11&end_date=2026-07-19&models=EC_Earth3P&daily=temperature_2m_max&daily=temperature_2m_min&daily=relative_humidity_2m_mean&daily=precipitation_sum&daily=wind_speed_10m_max&timezone=auto
2026-06-08 01:03:46,556 | INFO     | [s02] Fetching climate for Miami Stadium (25.781, -80.188)...
2026-06-08 01:03:47,294 | ERROR    | Open-Meteo climate fetch failed for (25.7813595,-80.1879435): 400 Client Error: Bad Request for url: https://climate-api.open-meteo.com/v1/climate?latitude=25.7813595&longitude=-80.1879435&start_date=2026-06-11&end_date=2026-07-19&models=EC_Earth3P&daily=temperature_2m_max&daily=temperature_2m_min&daily=relative_humidity_2m_mean&daily=precipitation_sum&daily=wind_speed_10m_max&timezone=auto
2026-06-08 01:03:47,294 | INFO     | [s02] Fetching climate for Monterrey Stadium (25.701, -100.316)...
2026-06-08 01:03:48,153 | ERROR    | Open-Meteo climate fetch failed for (25.7006158,-100.3159938): 400 Client Error: Bad Request for url: https://climate-api.open-meteo.com/v1/climate?latitude=25.7006158&longitude=-100.3159938&start_date=2026-06-11&end_date=2026-07-19&models=EC_Earth3P&daily=temperature_2m_max&daily=temperature_2m_min&daily=relative_humidity_2m_mean&daily=precipitation_sum&daily=wind_speed_10m_max&timezone=auto
2026-06-08 01:03:48,153 | INFO     | [s02] Fetching climate for New York/New Jersey Stadium (40.814, -74.074)...
2026-06-08 01:03:49,073 | ERROR    | Open-Meteo climate fetch failed for (40.8135071,-74.0743442): 400 Client Error: Bad Request for url: https://climate-api.open-meteo.com/v1/climate?latitude=40.8135071&longitude=-74.0743442&start_date=2026-06-11&end_date=2026-07-19&models=EC_Earth3P&daily=temperature_2m_max&daily=temperature_2m_min&daily=relative_humidity_2m_mean&daily=precipitation_sum&daily=wind_speed_10m_max&timezone=auto
2026-06-08 01:03:49,074 | INFO     | [s02] Fetching climate for Philadelphia Stadium (39.944, -75.194)...
2026-06-08 01:03:49,840 | ERROR    | Open-Meteo climate fetch failed for (39.9437233,-75.1937425): 400 Client Error: Bad Request for url: https://climate-api.open-meteo.com/v1/climate?latitude=39.9437233&longitude=-75.1937425&start_date=2026-06-11&end_date=2026-07-19&models=EC_Earth3P&daily=temperature_2m_max&daily=temperature_2m_min&daily=relative_humidity_2m_mean&daily=precipitation_sum&daily=wind_speed_10m_max&timezone=auto
2026-06-08 01:03:49,840 | INFO     | [s02] Fetching climate for San Francisco Bay Area Stadium (37.403, -121.970)...
2026-06-08 01:03:50,673 | ERROR    | Open-Meteo climate fetch failed for (37.4029867,-121.9696489): 400 Client Error: Bad Request for url: https://climate-api.open-meteo.com/v1/climate?latitude=37.4029867&longitude=-121.9696489&start_date=2026-06-11&end_date=2026-07-19&models=EC_Earth3P&daily=temperature_2m_max&daily=temperature_2m_min&daily=relative_humidity_2m_mean&daily=precipitation_sum&daily=wind_speed_10m_max&timezone=auto
2026-06-08 01:03:50,674 | INFO     | [s02] Fetching climate for Seattle Stadium (47.591, -122.327)...
2026-06-08 01:03:51,500 | ERROR    | Open-Meteo climate fetch failed for (47.5911108,-122.3271829): 400 Client Error: Bad Request for url: https://climate-api.open-meteo.com/v1/climate?latitude=47.5911108&longitude=-122.3271829&start_date=2026-06-11&end_date=2026-07-19&models=EC_Earth3P&daily=temperature_2m_max&daily=temperature_2m_min&daily=relative_humidity_2m_mean&daily=precipitation_sum&daily=wind_speed_10m_max&timezone=auto
2026-06-08 01:03:51,500 | INFO     | [s02] Fetching climate for Toronto Stadium (43.633, -79.419)...
2026-06-08 01:03:52,311 | ERROR    | Open-Meteo climate fetch failed for (43.6333414,-79.4185614): 400 Client Error: Bad Request for url: https://climate-api.open-meteo.com/v1/climate?latitude=43.6333414&longitude=-79.4185614&start_date=2026-06-11&end_date=2026-07-19&models=EC_Earth3P&daily=temperature_2m_max&daily=temperature_2m_min&daily=relative_humidity_2m_mean&daily=precipitation_sum&daily=wind_speed_10m_max&timezone=auto
2026-06-08 01:03:52,311 | ERROR    | [s02] No weather data fetched. Aborting.
2026-06-08 01:03:52,311 | INFO     | 
>>> Pipeline run complete. Check checkpoints.json for status.
2026-06-08 01:05:58,431 | INFO     | Pipeline root: C:\Users\HP\OneDrive\Desktop\worldCup\data_collection_pipeline
2026-06-08 01:05:58,431 | INFO     | Will run stages: [2]
2026-06-08 01:05:58,431 | INFO     | 
==================================================
>>> STAGE 2: s02_weather
==================================================
2026-06-08 01:05:59,047 | INFO     | [s02] Fetching climate normals for WC 2026 venues from Open-Meteo...
2026-06-08 01:05:59,047 | INFO     | [s02] Fetching climate for Atlanta Stadium (33.772, -84.393)...
2026-06-08 01:06:01,597 | INFO     | [s02] Fetching climate for BC Place Vancouver (49.277, -123.112)...
2026-06-08 01:06:02,531 | INFO     | [s02] Fetching climate for Boston Stadium (42.091, -71.264)...
2026-06-08 01:06:05,913 | INFO     | [s02] Fetching climate for Dallas Stadium (32.780, -96.760)...
2026-06-08 01:06:06,697 | INFO     | [s02] Fetching climate for Guadalajara Stadium (20.677, -103.347)...
2026-06-08 01:06:09,647 | INFO     | [s02] Fetching climate for Houston Stadium (29.685, -95.411)...
2026-06-08 01:06:10,447 | INFO     | [s02] Fetching climate for Kansas City Stadium (39.049, -94.484)...
2026-06-08 01:06:13,863 | INFO     | [s02] Fetching climate for Los Angeles Stadium (34.161, -118.168)...
2026-06-08 01:06:14,763 | INFO     | [s02] Fetching climate for Mexico City Stadium (19.303, -99.150)...
2026-06-08 01:06:18,079 | INFO     | [s02] Fetching climate for Miami Stadium (25.781, -80.188)...
2026-06-08 01:06:18,946 | INFO     | [s02] Fetching climate for Monterrey Stadium (25.701, -100.316)...
2026-06-08 01:06:19,728 | INFO     | [s02] Fetching climate for New York/New Jersey Stadium (40.814, -74.074)...
2026-06-08 01:06:20,797 | INFO     | [s02] Fetching climate for Philadelphia Stadium (39.944, -75.194)...
2026-06-08 01:06:22,613 | INFO     | [s02] Fetching climate for San Francisco Bay Area Stadium (37.403, -121.970)...
2026-06-08 01:06:23,397 | INFO     | [s02] Fetching climate for Seattle Stadium (47.591, -122.327)...
2026-06-08 01:06:24,213 | INFO     | [s02] Fetching climate for Toronto Stadium (43.633, -79.419)...
2026-06-08 01:06:25,296 | INFO     | Saved CSV: C:\Users\HP\OneDrive\Desktop\worldCup\data_collection_pipeline\collected_data\processed\weather_forecasts.csv
2026-06-08 01:06:25,296 | INFO     | [s02_weather] Validated & saved 624 rows -> weather_forecasts.csv
2026-06-08 01:06:25,296 | INFO     | [s02] 624 venue-day rows from 16 venues.
2026-06-08 01:06:25,296 | INFO     | 
>>> Pipeline run complete. Check checkpoints.json for status.
2026-06-08 01:31:12,483 | INFO     | Pipeline root: C:\Users\HP\OneDrive\Desktop\worldCup\data_collection_pipeline
2026-06-08 01:31:12,483 | INFO     | Will run stages: [9]
2026-06-08 01:31:12,483 | INFO     | 
==================================================
>>> STAGE 9: s09_odds_scraper
==================================================
2026-06-08 01:31:13,920 | INFO     | [s09] Collecting odds (OddsPortal international + football-data club)...
2026-06-08 01:31:14,562 | INFO     | [s09] OddsPortal: World Cup 2022 ...
2026-06-08 01:31:30,145 | INFO     | [s09]   50 matches.
2026-06-08 01:31:32,157 | INFO     | [s09] OddsPortal: World Cup 2018 ...
2026-06-08 01:31:47,178 | INFO     | [s09]   50 matches.
2026-06-08 01:31:49,186 | INFO     | [s09] OddsPortal: Euro 2024 ...
2026-06-08 01:32:03,644 | INFO     | [s09]   5 matches.
2026-06-08 01:32:05,646 | INFO     | [s09] OddsPortal: Euro 2020 ...
2026-06-08 01:32:19,411 | INFO     | [s09]   5 matches.
2026-06-08 01:32:21,426 | INFO     | [s09] OddsPortal: Copa America 2024 ...
2026-06-08 01:32:28,811 | INFO     | [s09]   0 matches.
2026-06-08 01:32:30,811 | INFO     | [s09] OddsPortal: Copa America 2021 ...
2026-06-08 01:32:45,457 | INFO     | [s09]   28 matches.
2026-06-08 01:32:47,608 | INFO     | Saved CSV: C:\Users\HP\OneDrive\Desktop\worldCup\data_collection_pipeline\collected_data\raw\odds_international.csv
2026-06-08 01:32:47,608 | INFO     | [s09] OddsPortal: 138 international matches w/ closing 1X2.
2026-06-08 01:33:04,407 | INFO     | Saved CSV: C:\Users\HP\OneDrive\Desktop\worldCup\data_collection_pipeline\collected_data\raw\odds_club_closing.csv
2026-06-08 01:33:04,429 | INFO     | Saved CSV: C:\Users\HP\OneDrive\Desktop\worldCup\data_collection_pipeline\collected_data\raw\odds_international.csv
2026-06-08 01:33:04,430 | INFO     | [s09_odds_scraper] Validated & saved 138 rows -> odds_international.csv
2026-06-08 01:33:04,430 | INFO     | 
>>> Pipeline run complete. Check checkpoints.json for status.
2026-06-08 01:38:17,807 | INFO     | Pipeline root: C:\Users\HP\OneDrive\Desktop\worldCup\data_collection_pipeline
2026-06-08 01:38:17,807 | INFO     | Will run stages: [9]
2026-06-08 01:38:17,807 | INFO     | 
==================================================
>>> STAGE 9: s09_odds_scraper
==================================================
2026-06-08 01:38:18,891 | INFO     | [s09] Collecting odds (OddsPortal international + football-data club)...
2026-06-08 01:38:19,666 | INFO     | [s09] OddsPortal: World Cup 2022 ...
2026-06-08 01:38:32,741 | INFO     | [s09]   50 matches.
2026-06-08 01:38:34,741 | INFO     | [s09] OddsPortal: World Cup 2018 ...
2026-06-08 01:38:47,305 | INFO     | [s09]   50 matches.
2026-06-08 01:38:49,319 | INFO     | [s09] OddsPortal: Euro 2024 ...
2026-06-08 01:39:01,271 | INFO     | [s09]   5 matches.
2026-06-08 01:39:03,278 | INFO     | [s09] OddsPortal: Euro 2020 ...
2026-06-08 01:39:13,576 | INFO     | [s09]   50 matches.
2026-06-08 01:39:15,578 | INFO     | [s09] OddsPortal: Copa America 2021 ...
2026-06-08 01:39:27,853 | INFO     | [s09]   28 matches.
2026-06-08 01:39:30,019 | INFO     | Saved CSV: C:\Users\HP\OneDrive\Desktop\worldCup\data_collection_pipeline\collected_data\raw\odds_international.csv
2026-06-08 01:39:30,019 | INFO     | [s09] OddsPortal: 183 international matches w/ closing 1X2.
2026-06-08 01:39:46,461 | INFO     | Saved CSV: C:\Users\HP\OneDrive\Desktop\worldCup\data_collection_pipeline\collected_data\raw\odds_club_closing.csv
2026-06-08 01:39:46,471 | INFO     | Saved CSV: C:\Users\HP\OneDrive\Desktop\worldCup\data_collection_pipeline\collected_data\raw\odds_international.csv
2026-06-08 01:39:46,473 | INFO     | [s09_odds_scraper] Validated & saved 183 rows -> odds_international.csv
2026-06-08 01:39:46,473 | INFO     | 
>>> Pipeline run complete. Check checkpoints.json for status.
2026-06-08 01:42:26,909 | INFO     | Pipeline root: C:\Users\HP\OneDrive\Desktop\worldCup\data_collection_pipeline
2026-06-08 01:42:26,909 | INFO     | Will run stages: [9]
2026-06-08 01:42:26,909 | INFO     | 
==================================================
>>> STAGE 9: s09_odds_scraper
==================================================
2026-06-08 01:42:27,393 | INFO     | [s09] Collecting odds (OddsPortal international + football-data club)...
2026-06-08 01:42:27,958 | INFO     | [s09] OddsPortal: World Cup 2022 ...
2026-06-08 01:42:39,289 | INFO     | [s09]   50 matches.
2026-06-08 01:42:41,290 | INFO     | [s09] OddsPortal: World Cup 2018 ...
2026-06-08 01:42:50,983 | INFO     | [s09]   50 matches.
2026-06-08 01:42:52,987 | INFO     | [s09] OddsPortal: Euro 2024 ...
2026-06-08 01:43:02,427 | INFO     | [s09]   50 matches.
2026-06-08 01:43:04,428 | INFO     | [s09] OddsPortal: Euro 2020 ...
2026-06-08 01:43:15,274 | INFO     | [s09]   5 matches.
2026-06-08 01:43:17,287 | INFO     | [s09] OddsPortal: Copa America 2021 ...
2026-06-08 01:43:26,690 | INFO     | [s09]   28 matches.
2026-06-08 01:43:28,840 | INFO     | Saved CSV: C:\Users\HP\OneDrive\Desktop\worldCup\data_collection_pipeline\collected_data\raw\odds_international.csv
2026-06-08 01:43:28,840 | INFO     | [s09] OddsPortal: 183 international matches w/ closing 1X2.
2026-06-08 01:43:44,405 | INFO     | Saved CSV: C:\Users\HP\OneDrive\Desktop\worldCup\data_collection_pipeline\collected_data\raw\odds_club_closing.csv
2026-06-08 01:43:44,405 | INFO     | Saved CSV: C:\Users\HP\OneDrive\Desktop\worldCup\data_collection_pipeline\collected_data\raw\odds_international.csv
2026-06-08 01:43:44,405 | INFO     | [s09_odds_scraper] Validated & saved 183 rows -> odds_international.csv
2026-06-08 01:43:44,405 | INFO     | 
>>> Pipeline run complete. Check checkpoints.json for status.
2026-06-08 01:45:44,499 | INFO     | Pipeline root: C:\Users\HP\OneDrive\Desktop\worldCup\data_collection_pipeline
2026-06-08 01:45:44,499 | INFO     | Will run stages: [9]
2026-06-08 01:45:44,499 | INFO     | 
==================================================
>>> STAGE 9: s09_odds_scraper
==================================================
2026-06-08 01:45:45,066 | INFO     | [s09] Collecting odds (OddsPortal international + football-data club)...
2026-06-08 01:45:45,567 | INFO     | [s09] OddsPortal: World Cup 2022 ...
2026-06-08 01:45:56,290 | INFO     | [s09]   50 matches.
2026-06-08 01:45:58,291 | INFO     | [s09] OddsPortal: World Cup 2018 ...
2026-06-08 01:46:07,655 | INFO     | [s09]   50 matches.
2026-06-08 01:46:09,659 | INFO     | [s09] OddsPortal: Euro 2024 ...
2026-06-08 01:46:19,111 | INFO     | [s09]   50 matches.
2026-06-08 01:46:21,125 | INFO     | [s09] OddsPortal: Euro 2020 ...
2026-06-08 01:46:30,463 | INFO     | [s09]   50 matches.
2026-06-08 01:46:32,465 | INFO     | [s09] OddsPortal: Copa America 2021 ...
2026-06-08 01:46:41,729 | INFO     | [s09]   28 matches.
2026-06-08 01:46:43,826 | INFO     | Saved CSV: C:\Users\HP\OneDrive\Desktop\worldCup\data_collection_pipeline\collected_data\raw\odds_international.csv
2026-06-08 01:46:43,826 | INFO     | [s09] OddsPortal: 228 international matches w/ closing 1X2.
2026-06-08 01:46:59,205 | INFO     | Saved CSV: C:\Users\HP\OneDrive\Desktop\worldCup\data_collection_pipeline\collected_data\raw\odds_club_closing.csv
2026-06-08 01:46:59,207 | INFO     | Saved CSV: C:\Users\HP\OneDrive\Desktop\worldCup\data_collection_pipeline\collected_data\raw\odds_international.csv
2026-06-08 01:46:59,208 | INFO     | [s09_odds_scraper] Validated & saved 228 rows -> odds_international.csv
2026-06-08 01:46:59,208 | INFO     | 
>>> Pipeline run complete. Check checkpoints.json for status.
